Sep-08 12:02:55.614 [main] DEBUG nextflow.cli.Launcher - $> nextflow run hello.nf
Sep-08 12:02:55.791 [main] INFO  nextflow.cli.CmdRun - N E X T F L O W  ~  version 21.07.0-edge
Sep-08 12:02:55.859 [main] INFO  nextflow.cli.CmdRun - Launching `hello.nf` [curious_murdock] - revision: c78e1ac745
Sep-08 12:02:55.929 [main] DEBUG nextflow.config.ConfigBuilder - Found config local: /Users/cwyatt/Desktop/Nextflow_practise/Update_docs_2/dsl2_review/nf-training/nextflow.config
Sep-08 12:02:55.935 [main] DEBUG nextflow.config.ConfigBuilder - Parsing config file: /Users/cwyatt/Desktop/Nextflow_practise/Update_docs_2/dsl2_review/nf-training/nextflow.config
Sep-08 12:02:55.988 [main] DEBUG nextflow.config.ConfigBuilder - Applying config profile: `standard`
Sep-08 12:02:57.638 [main] DEBUG nextflow.plugin.PluginsFacade - Setting up plugin manager > mode=prod; plugins-dir=/Users/cwyatt/.nextflow/plugins
Sep-08 12:02:57.641 [main] DEBUG nextflow.plugin.PluginsFacade - Plugins default=[]
Sep-08 12:02:57.646 [main] DEBUG nextflow.plugin.PluginsFacade - Plugins local root: .nextflow/plr/empty
Sep-08 12:02:57.664 [main] INFO  org.pf4j.DefaultPluginStatusProvider - Enabled plugins: []
Sep-08 12:02:57.667 [main] INFO  org.pf4j.DefaultPluginStatusProvider - Disabled plugins: []
Sep-08 12:02:57.675 [main] INFO  org.pf4j.DefaultPluginManager - PF4J version 3.4.1 in 'deployment' mode
Sep-08 12:02:57.693 [main] INFO  org.pf4j.AbstractPluginManager - No plugins
Sep-08 12:02:57.785 [main] DEBUG nextflow.Session - Session uuid: 3f6d8776-83a5-4f55-9b2c-6d48e997a4d0
Sep-08 12:02:57.785 [main] DEBUG nextflow.Session - Run name: curious_murdock
Sep-08 12:02:57.787 [main] DEBUG nextflow.Session - Executor pool size: 4
Sep-08 12:02:57.853 [main] DEBUG nextflow.cli.CmdRun - 
  Version: 21.07.0-edge build 5583
  Created: 06-08-2021 11:06 UTC (13:06 CEST)
  System: Mac OS X 10.13.6
  Runtime: Groovy 3.0.8 on Java HotSpot(TM) 64-Bit Server VM 1.8.0_65-b17
  Encoding: UTF-8 (UTF-8)
  Process: 21418@C02P92HCG5RN [192.168.10.196]
  CPUs: 4 - Mem: 4 GB (19.4 MB) - Swap: 3 GB (1.2 GB)
Sep-08 12:02:57.895 [main] DEBUG nextflow.Session - Work-dir: /Users/cwyatt/Desktop/Nextflow_practise/Update_docs_2/dsl2_review/nf-training/work [Mac OS X]
Sep-08 12:02:57.896 [main] DEBUG nextflow.Session - Script base path does not exist or is not a directory: /Users/cwyatt/Desktop/Nextflow_practise/Update_docs_2/dsl2_review/nf-training/bin
Sep-08 12:02:57.919 [main] DEBUG nextflow.executor.ExecutorFactory - Extension executors providers=[]
Sep-08 12:02:57.946 [main] DEBUG nextflow.Session - Observer factory: DefaultObserverFactory
Sep-08 12:02:58.066 [main] DEBUG nextflow.util.CustomThreadPool - Creating default thread pool > poolSize: 5; maxThreads: 1000
Sep-08 12:02:58.281 [main] DEBUG nextflow.Session - Session start invoked
Sep-08 12:02:59.140 [main] DEBUG nextflow.script.ScriptRunner - > Launching execution
Sep-08 12:02:59.324 [main] DEBUG nextflow.Session - Workflow process names [dsl2]: convertToUpper, splitLetters
Sep-08 12:02:59.443 [main] DEBUG nextflow.executor.ExecutorFactory - << taskConfig executor: null
Sep-08 12:02:59.443 [main] DEBUG nextflow.executor.ExecutorFactory - >> processorType: 'local'
Sep-08 12:02:59.455 [main] DEBUG nextflow.executor.Executor - [warm up] executor > local
Sep-08 12:02:59.466 [main] DEBUG n.processor.LocalPollingMonitor - Creating local task monitor for executor 'local' > cpus=4; memory=4 GB; capacity=4; pollInterval=100ms; dumpInterval=5m
Sep-08 12:02:59.519 [main] DEBUG nextflow.util.CustomThreadPool - Creating default thread pool > poolSize: 5; maxThreads: 1000
Sep-08 12:02:59.716 [main] DEBUG nextflow.executor.ExecutorFactory - << taskConfig executor: null
Sep-08 12:02:59.716 [main] DEBUG nextflow.executor.ExecutorFactory - >> processorType: 'local'
Sep-08 12:02:59.755 [main] DEBUG nextflow.Session - Ignite dataflow network (3)
Sep-08 12:02:59.756 [main] DEBUG nextflow.processor.TaskProcessor - Starting process > splitLetters
Sep-08 12:02:59.757 [main] DEBUG nextflow.processor.TaskProcessor - Starting process > convertToUpper
Sep-08 12:02:59.758 [main] DEBUG nextflow.script.ScriptRunner - > Await termination 
Sep-08 12:02:59.759 [main] DEBUG nextflow.Session - Session await
Sep-08 12:03:00.088 [Task submitter] DEBUG nextflow.executor.LocalTaskHandler - Launch cmd line: /bin/bash -ue .command.run
Sep-08 12:03:00.100 [Task submitter] INFO  nextflow.Session - [36/360a0b] Submitted process > splitLetters (1)
Sep-08 12:03:00.271 [Task monitor] DEBUG n.processor.TaskPollingMonitor - Task completed > TaskHandler[id: 1; name: splitLetters (1); status: COMPLETED; exit: 0; error: -; workDir: /Users/cwyatt/Desktop/Nextflow_practise/Update_docs_2/dsl2_review/nf-training/work/36/360a0bc96ba097bcd69fbae81f8fd8]
Sep-08 12:03:00.408 [Task submitter] DEBUG nextflow.executor.LocalTaskHandler - Launch cmd line: /bin/bash -ue .command.run
Sep-08 12:03:00.408 [Task submitter] INFO  nextflow.Session - [92/315bca] Submitted process > convertToUpper (1)
Sep-08 12:03:00.420 [Task submitter] DEBUG nextflow.executor.LocalTaskHandler - Launch cmd line: /bin/bash -ue .command.run
Sep-08 12:03:00.421 [Task submitter] INFO  nextflow.Session - [2f/35e14b] Submitted process > convertToUpper (2)
Sep-08 12:03:00.686 [Task monitor] DEBUG n.processor.TaskPollingMonitor - Task completed > TaskHandler[id: 2; name: convertToUpper (1); status: COMPLETED; exit: 0; error: -; workDir: /Users/cwyatt/Desktop/Nextflow_practise/Update_docs_2/dsl2_review/nf-training/work/92/315bcac48be0a8e001869c115d1596]
Sep-08 12:03:00.720 [Task monitor] DEBUG n.processor.TaskPollingMonitor - Task completed > TaskHandler[id: 3; name: convertToUpper (2); status: COMPLETED; exit: 0; error: -; workDir: /Users/cwyatt/Desktop/Nextflow_practise/Update_docs_2/dsl2_review/nf-training/work/2f/35e14b7b0c50555537cb67820c6dbc]
Sep-08 12:03:00.755 [main] DEBUG nextflow.Session - Session await > all process finished
Sep-08 12:03:00.762 [main] DEBUG nextflow.Session - Session await > all barriers passed
Sep-08 12:03:00.785 [main] DEBUG nextflow.trace.WorkflowStatsObserver - Workflow completed > WorkflowStats[succeededCount=3; failedCount=0; ignoredCount=0; cachedCount=0; pendingCount=0; submittedCount=0; runningCount=0; retriesCount=0; abortedCount=0; succeedDuration=391ms; failedDuration=0ms; cachedDuration=0ms;loadCpus=0; loadMemory=0; peakRunning=2; peakCpus=2; peakMemory=0; ]
Sep-08 12:03:00.811 [main] DEBUG nextflow.CacheDB - Closing CacheDB done
Sep-08 12:03:00.877 [main] DEBUG nextflow.script.ScriptRunner - > Execution complete -- Goodbye
